<!DOCTYPE html PUBLIC "-//W3C//DTD XHTML 1.1//EN" "https://www.w3.org/TR/xhtml11/DTD/xhtml11.dtd">
<html xmlns="https://www.w3.org/1999/xhtml">
<head>
<meta http-equiv="content-type" content="text/html; charset=UTF-8"/>
<title>TestNG Report</title>
<style type="text/css">table {margin-bottom:10px;border-collapse:collapse;empty-cells:show}th,td {border:1px solid #009;padding:.25em .5em}th {vertical-align:bottom}td {vertical-align:top}table a {font-weight:bold}.stripe td {background-color: #E6EBF9}.num {text-align:right}.passedodd td {background-color: #3F3}.passedeven td {background-color: #0A0}.skippedodd td {background-color: #DDD}.skippedeven td {background-color: #CCC}.failedodd td,.attn {background-color: #F33}.failedeven td,.stripe .attn {background-color: #D00}.stacktrace {white-space:pre;font-family:monospace}.totop {font-size:85%;text-align:center;border-bottom:2px solid #000}.invisible {display:none}</style>
</head>
<body>
<table>
<tr><th>Test</th><th># Passed</th><th># Skipped</th><th># Retried</th><th># Failed</th><th>Time (ms)</th><th>Included Groups</th><th>Excluded Groups</th></tr>
<tr><th colspan="8">Suite</th></tr>
<tr><td><a href="#t0">Test</a></td><td class="num">15</td><td class="num">0</td><td class="num attn">1</td><td class="num">0</td><td class="num">650,549</td><td></td><td></td></tr>
</table>
<table id='summary'><thead><tr><th>Class</th><th>Method</th><th>Start</th><th>Time (ms)</th></tr></thead><tbody><tr><th colspan="4">Suite</th></tr></tbody><tbody id="t0"><tr><th colspan="4">Test &#8212; retried</th></tr><tr class="retriedeven"><td rowspan="1">packageAmazon.ProjectAmazon.Testcase2_LogintoAmazon</td><td><a href="#m0">validcredentials</a></td><td rowspan="1">1747067150053</td><td rowspan="1">10225</td></tr><tr><th colspan="4">Test &#8212; passed</th></tr><tr class="passedeven"><td rowspan="1">packageAmazon.ProjectAmazon.Testcase10_AddandRemoveItemQuantity</td><td><a href="#m1">addandRemoveItemQuantity</a></td><td rowspan="1">1747067442722</td><td rowspan="1">41346</td></tr><tr class="passedodd"><td rowspan="1">packageAmazon.ProjectAmazon.Testcase11_CheckoutProcessAddressPaymentSelectionOrderreview</td><td><a href="#m2">checkoutProcessAddressPaymentSelectionOrderreview</a></td><td rowspan="1">1747067492901</td><td rowspan="1">55493</td></tr><tr class="passedeven"><td rowspan="1">packageAmazon.ProjectAmazon.Testcase12_SelectEachPaymentMethod</td><td><a href="#m3">selectEachPaymentMethod</a></td><td rowspan="1">1747067567142</td><td rowspan="1">112206</td></tr><tr class="passedodd"><td rowspan="1">packageAmazon.ProjectAmazon.Testcase13_ApplyforCouponCodeWhileOrdering</td><td><a href="#m4">applyforCouponCodeWhileOrdering</a></td><td rowspan="1">1747067686596</td><td rowspan="1">15777</td></tr><tr class="passedeven"><td rowspan="1">packageAmazon.ProjectAmazon.Testcase14_ProductRating</td><td><a href="#m5">productRating</a></td><td rowspan="1">1747067726407</td><td rowspan="1">25924</td></tr><tr class="passedodd"><td rowspan="1">packageAmazon.ProjectAmazon.Testcase15_ReachtillCartPageWithoutLogin</td><td><a href="#m6">reachtillCartPageWithoutLogin</a></td><td rowspan="1">1747067759941</td><td rowspan="1">10716</td></tr><tr class="passedeven"><td rowspan="1">packageAmazon.ProjectAmazon.Testcase1_RegisterNewUser</td><td><a href="#m7">RegisternewUser</a></td><td rowspan="1">1747067133287</td><td rowspan="1">11066</td></tr><tr class="passedodd"><td rowspan="1">packageAmazon.ProjectAmazon.Testcase2_LogintoAmazon</td><td><a href="#m8">validcredentials</a></td><td rowspan="1">1747067177565</td><td rowspan="1">9556</td></tr><tr class="passedeven"><td rowspan="1">packageAmazon.ProjectAmazon.Testcase3_LoginFailswithIncorrectEmailorPassword</td><td><a href="#m9">invalidcredentials</a></td><td rowspan="1">1747067197519</td><td rowspan="1">4165</td></tr><tr class="passedodd"><td rowspan="1">packageAmazon.ProjectAmazon.Testcase4_EditProfileInfo</td><td><a href="#m10">editProfileInfo</a></td><td rowspan="1">1747067227837</td><td rowspan="1">33897</td></tr><tr class="passedeven"><td rowspan="1">packageAmazon.ProjectAmazon.Testcase5_LogintoAmazon_SearchforAproduct</td><td><a href="#m11">validcredentials_searchingproduct</a></td><td rowspan="1">1747067269028</td><td rowspan="1">11245</td></tr><tr class="passedodd"><td rowspan="1">packageAmazon.ProjectAmazon.Testcase6_SearchingwithFiltersYieldAccurateResults</td><td><a href="#m12">searchingwithFiltersYieldAccurateResults</a></td><td rowspan="1">1747067285629</td><td rowspan="1">58523</td></tr><tr class="passedeven"><td rowspan="1">packageAmazon.ProjectAmazon.Testcase7_ProductpagedisplaysPriceReviews</td><td><a href="#m13">displaysPriceProductdescriptionReviews</a></td><td rowspan="1">1747067365228</td><td rowspan="1">16435</td></tr><tr class="passedodd"><td rowspan="1">packageAmazon.ProjectAmazon.Testcase8_CheckifProductcanbeSortedByPrice</td><td><a href="#m14">checkifProductcanbeSortedByPrice</a></td><td rowspan="1">1747067389338</td><td rowspan="1">12197</td></tr><tr class="passedeven"><td rowspan="1">packageAmazon.ProjectAmazon.Testcase9_ProductaddedtoCart</td><td><a href="#m15">productaddedtocart</a></td><td rowspan="1">1747067409309</td><td rowspan="1">25058</td></tr></tbody>
</table>
<h2>Test</h2><h3 id="m0">packageAmazon.ProjectAmazon.Testcase2_LogintoAmazon#validcredentials</h3><table class="result"><tr><th>Exception</th></tr><tr><td><div class="stacktrace">org.openqa.selenium.json.JsonException: java.lang.reflect.InvocationTargetException
Build info: version: &apos;4.30.0&apos;, revision: &apos;509c7f17cc*&apos;
System info: os.name: &apos;Windows 11&apos;, os.arch: &apos;amd64&apos;, os.version: &apos;10.0&apos;, java.version: &apos;23.0.1&apos;
Driver info: org.openqa.selenium.chrome.ChromeDriver
Command: [48022313a5267724258e702b79efd390, actions {actions=[org.openqa.selenium.interactions.Sequence@b965857]}]
Capabilities {acceptInsecureCerts: false, browserName: chrome, browserVersion: 136.0.7103.92, chrome: {chromedriverVersion: 136.0.7103.92 (cb81a4cc5087..., userDataDir: C:\Users\User\AppData\Local...}, fedcm:accounts: true, goog:chromeOptions: {debuggerAddress: localhost:58151}, networkConnectionEnabled: false, pageLoadStrategy: normal, platformName: windows, proxy: Proxy(), se:cdp: ws://localhost:58151/devtoo..., se:cdpVersion: 136.0.7103.92, setWindowRect: true, strictFileInteractability: false, timeouts: {implicit: 0, pageLoad: 300000, script: 30000}, unhandledPromptBehavior: dismiss and notify, webauthn:extension:credBlob: true, webauthn:extension:largeBlob: true, webauthn:extension:minPinLength: true, webauthn:extension:prf: true, webauthn:virtualAuthenticators: true}
Session ID: 48022313a5267724258e702b79efd390
	at org.openqa.selenium.json.JsonOutput.convertUsingMethod(JsonOutput.java:520)
	at org.openqa.selenium.json.JsonOutput.lambda$new$16(JsonOutput.java:182)
	at org.openqa.selenium.json.JsonOutput.write0(JsonOutput.java:409)
	at org.openqa.selenium.json.JsonOutput.lambda$new$22(JsonOutput.java:204)
	at java.base/java.util.stream.ForEachOps$ForEachOp$OfRef.accept(ForEachOps.java:184)
	at java.base/java.util.stream.ReferencePipeline$2$1.accept(ReferencePipeline.java:197)
	at java.base/java.util.Iterator.forEachRemaining(Iterator.java:133)
	at java.base/java.util.Spliterators$IteratorSpliterator.forEachRemaining(Spliterators.java:1939)
	at java.base/java.util.stream.AbstractPipeline.copyInto(AbstractPipeline.java:570)
	at java.base/java.util.stream.AbstractPipeline.wrapAndCopyInto(AbstractPipeline.java:560)
	at java.base/java.util.stream.ForEachOps$ForEachOp.evaluateSequential(ForEachOps.java:151)
	at java.base/java.util.stream.ForEachOps$ForEachOp$OfRef.evaluateSequential(ForEachOps.java:174)
	at java.base/java.util.stream.AbstractPipeline.evaluate(AbstractPipeline.java:265)
	at java.base/java.util.stream.ReferencePipeline.forEach(ReferencePipeline.java:636)
	at org.openqa.selenium.json.JsonOutput.lambda$new$23(JsonOutput.java:204)
	at org.openqa.selenium.json.JsonOutput.write0(JsonOutput.java:409)
	at org.openqa.selenium.json.JsonOutput.lambda$new$24(JsonOutput.java:222)
	at java.base/java.util.Map.forEach(Map.java:733)
	at org.openqa.selenium.json.JsonOutput.lambda$new$25(JsonOutput.java:217)
	at org.openqa.selenium.json.JsonOutput.write0(JsonOutput.java:409)
	at org.openqa.selenium.json.JsonOutput.write(JsonOutput.java:400)
	at org.openqa.selenium.json.Json.toJson(Json.java:133)
	at org.openqa.selenium.json.Json.toJson(Json.java:119)
	at org.openqa.selenium.remote.codec.AbstractHttpCommandCodec.encode(AbstractHttpCommandCodec.java:236)
	at org.openqa.selenium.remote.codec.AbstractHttpCommandCodec.encode(AbstractHttpCommandCodec.java:109)
	at org.openqa.selenium.remote.HttpCommandExecutor.execute(HttpCommandExecutor.java:203)
	at org.openqa.selenium.remote.service.DriverCommandExecutor.invokeExecute(DriverCommandExecutor.java:216)
	at org.openqa.selenium.remote.service.DriverCommandExecutor.execute(DriverCommandExecutor.java:174)
	at org.openqa.selenium.remote.RemoteWebDriver.execute(RemoteWebDriver.java:545)
	at org.openqa.selenium.remote.RemoteWebDriver.perform(RemoteWebDriver.java:631)
	at org.openqa.selenium.interactions.Actions$BuiltAction.perform(Actions.java:616)
	at org.openqa.selenium.interactions.Actions.perform(Actions.java:581)
	at packageAmazon.ProjectAmazon.Homepage.acntndlst(Homepage.java:50)
	at packageAmazon.ProjectAmazon.Testcase2_LogintoAmazon.validcredentials(Testcase2_LogintoAmazon.java:18)
	at java.base/java.util.ArrayList.forEach(ArrayList.java:1597)
	Suppressed: org.openqa.selenium.json.JsonException: Attempting to close incomplete json stream
Build info: version: &apos;4.30.0&apos;, revision: &apos;509c7f17cc*&apos;
System info: os.name: &apos;Windows 11&apos;, os.arch: &apos;amd64&apos;, os.version: &apos;10.0&apos;, java.version: &apos;23.0.1&apos;
Driver info: driver.version: RemoteWebDriver
		at org.openqa.selenium.json.JsonOutput.close(JsonOutput.java:431)
		at org.openqa.selenium.json.Json.toJson(Json.java:131)
		... 42 more
	at org.openqa.selenium.json.JsonOutput.convertUsingMethod(JsonOutput.java:516)
	... 63 more
Caused by: org.openqa.selenium.NoSuchElementException: no such element: Unable to locate element: {&quot;method&quot;:&quot;xpath&quot;,&quot;selector&quot;:&quot;//span[@class=&apos;nav-line-2 &apos;]&quot;}
  (Session info: chrome=136.0.7103.92)
For documentation on this error, please visit: https://www.selenium.dev/documentation/webdriver/troubleshooting/errors#no-such-element-exception
Build info: version: &apos;4.30.0&apos;, revision: &apos;509c7f17cc*&apos;
System info: os.name: &apos;Windows 11&apos;, os.arch: &apos;amd64&apos;, os.version: &apos;10.0&apos;, java.version: &apos;23.0.1&apos;
Driver info: org.openqa.selenium.chrome.ChromeDriver
Command: [48022313a5267724258e702b79efd390, findElement {value=//span[@class=&apos;nav-line-2 &apos;], using=xpath}]
Capabilities {acceptInsecureCerts: false, browserName: chrome, browserVersion: 136.0.7103.92, chrome: {chromedriverVersion: 136.0.7103.92 (cb81a4cc5087..., userDataDir: C:\Users\User\AppData\Local...}, fedcm:accounts: true, goog:chromeOptions: {debuggerAddress: localhost:58151}, networkConnectionEnabled: false, pageLoadStrategy: normal, platformName: windows, proxy: Proxy(), se:cdp: ws://localhost:58151/devtoo..., se:cdpVersion: 136.0.7103.92, setWindowRect: true, strictFileInteractability: false, timeouts: {implicit: 0, pageLoad: 300000, script: 30000}, unhandledPromptBehavior: dismiss and notify, webauthn:extension:credBlob: true, webauthn:extension:largeBlob: true, webauthn:extension:minPinLength: true, webauthn:extension:prf: true, webauthn:virtualAuthenticators: true}
Session ID: 48022313a5267724258e702b79efd390
	at org.openqa.selenium.remote.ErrorCodec.decode(ErrorCodec.java:167)
	at org.openqa.selenium.remote.codec.w3c.W3CHttpResponseCodec.decode(W3CHttpResponseCodec.java:138)
	at org.openqa.selenium.remote.codec.w3c.W3CHttpResponseCodec.decode(W3CHttpResponseCodec.java:50)
	at org.openqa.selenium.remote.HttpCommandExecutor.execute(HttpCommandExecutor.java:215)
	at org.openqa.selenium.remote.service.DriverCommandExecutor.invokeExecute(DriverCommandExecutor.java:216)
	at org.openqa.selenium.remote.service.DriverCommandExecutor.execute(DriverCommandExecutor.java:174)
	at org.openqa.selenium.remote.RemoteWebDriver.execute(RemoteWebDriver.java:545)
	at org.openqa.selenium.remote.ElementLocation$ElementFinder$2.findElement(ElementLocation.java:165)
	at org.openqa.selenium.remote.ElementLocation.findElement(ElementLocation.java:59)
	at org.openqa.selenium.remote.RemoteWebDriver.findElement(RemoteWebDriver.java:368)
	at org.openqa.selenium.remote.RemoteWebDriver.findElement(RemoteWebDriver.java:362)
	at org.openqa.selenium.support.pagefactory.DefaultElementLocator.findElement(DefaultElementLocator.java:68)
	at org.openqa.selenium.support.pagefactory.internal.LocatingElementHandler.invoke(LocatingElementHandler.java:38)
	at jdk.proxy2/jdk.proxy2.$Proxy12.getWrappedElement(Unknown Source)
	at org.openqa.selenium.interactions.PointerInput$Origin.asArg(PointerInput.java:262)
	at org.openqa.selenium.interactions.PointerInput$Move.encode(PointerInput.java:211)
	at org.openqa.selenium.interactions.Sequence.encode(Sequence.java:74)
	at org.openqa.selenium.interactions.Sequence.toJson(Sequence.java:83)
	... 65 more
... Removed 36 stack frames</div></td></tr></table><p class="totop"><a href="#summary">back to summary</a></p>
<h3 id="m1">packageAmazon.ProjectAmazon.Testcase10_AddandRemoveItemQuantity#addandRemoveItemQuantity</h3><table class="result"><tr><th>Messages</th></tr><tr><td><div class="messages">ItemQuantity incremented<br/>ItemQuantity decremented<br/>Test case Passed addandRemoveItemQuantity</div></td></tr></table><p class="totop"><a href="#summary">back to summary</a></p>
<h3 id="m2">packageAmazon.ProjectAmazon.Testcase11_CheckoutProcessAddressPaymentSelectionOrderreview#checkoutProcessAddressPaymentSelectionOrderreview</h3><table class="result"><tr><th>Messages</th></tr><tr><td><div class="messages">control passed<br/>Product added to cart<br/>Address selection is done<br/>Payment selection is done<br/>Review page comtains product detail<br/>Test case Passed checkoutProcessAddressPaymentSelectionOrderreview</div></td></tr></table><p class="totop"><a href="#summary">back to summary</a></p>
<h3 id="m3">packageAmazon.ProjectAmazon.Testcase12_SelectEachPaymentMethod#selectEachPaymentMethod</h3><table class="result"><tr><th>Messages</th></tr><tr><td><div class="messages">Selected amazonpay<br/>Selected creditordebitcard<br/>Selected netbanking<br/>Selected emi<br/>Selected upi<br/>Selected cashondelivery<br/>payment selection is done<br/>Test case Passed selectEachPaymentMethod</div></td></tr></table><p class="totop"><a href="#summary">back to summary</a></p>
<h3 id="m4">packageAmazon.ProjectAmazon.Testcase13_ApplyforCouponCodeWhileOrdering#applyforCouponCodeWhileOrdering</h3><table class="result"><tr><th>Messages</th></tr><tr><td><div class="messages">Couponcode entered<br/>Test case Passed applyforCouponCodeWhileOrdering</div></td></tr></table><p class="totop"><a href="#summary">back to summary</a></p>
<h3 id="m5">packageAmazon.ProjectAmazon.Testcase14_ProductRating#productRating</h3><table class="result"><tr><th>Messages</th></tr><tr><td><div class="messages">Logged in with credentials<br/>Able to view orders page<br/>Review submitted with 5 star rating<br/>Test case Passed productRating</div></td></tr></table><p class="totop"><a href="#summary">back to summary</a></p>
<h3 id="m6">packageAmazon.ProjectAmazon.Testcase15_ReachtillCartPageWithoutLogin#reachtillCartPageWithoutLogin</h3><table class="result"><tr><th>Messages</th></tr><tr><td><div class="messages">Control passed to child window<br/>Reached till cart but cannot proceed to buy without login<br/>Test case Passed reachtillCartPageWithoutLogin</div></td></tr></table><p class="totop"><a href="#summary">back to summary</a></p>
<h3 id="m7">packageAmazon.ProjectAmazon.Testcase1_RegisterNewUser#RegisternewUser</h3><table class="result"><tr><th>Messages</th></tr><tr><td><div class="messages">Test case Passed RegisternewUser</div></td></tr></table><p class="totop"><a href="#summary">back to summary</a></p>
<h3 id="m8">packageAmazon.ProjectAmazon.Testcase2_LogintoAmazon#validcredentials</h3><table class="result"><tr><th>Messages</th></tr><tr><td><div class="messages">Test case Passed validcredentials</div></td></tr></table><p class="totop"><a href="#summary">back to summary</a></p>
<h3 id="m9">packageAmazon.ProjectAmazon.Testcase3_LoginFailswithIncorrectEmailorPassword#invalidcredentials</h3><table class="result"><tr><th>Messages</th></tr><tr><td><div class="messages">Test case Passed invalidcredentials</div></td></tr></table><p class="totop"><a href="#summary">back to summary</a></p>
<h3 id="m10">packageAmazon.ProjectAmazon.Testcase4_EditProfileInfo#editProfileInfo</h3><table class="result"><tr><th>Messages</th></tr><tr><td><div class="messages">Test case Passed editProfileInfo</div></td></tr></table><p class="totop"><a href="#summary">back to summary</a></p>
<h3 id="m11">packageAmazon.ProjectAmazon.Testcase5_LogintoAmazon_SearchforAproduct#validcredentials_searchingproduct</h3><table class="result"><tr><th>Messages</th></tr><tr><td><div class="messages">Test case Passed validcredentials_searchingproduct</div></td></tr></table><p class="totop"><a href="#summary">back to summary</a></p>
<h3 id="m12">packageAmazon.ProjectAmazon.Testcase6_SearchingwithFiltersYieldAccurateResults#searchingwithFiltersYieldAccurateResults</h3><table class="result"><tr><th>Messages</th></tr><tr><td><div class="messages">Test case Passed searchingwithFiltersYieldAccurateResults</div></td></tr></table><p class="totop"><a href="#summary">back to summary</a></p>
<h3 id="m13">packageAmazon.ProjectAmazon.Testcase7_ProductpagedisplaysPriceReviews#displaysPriceProductdescriptionReviews</h3><table class="result"><tr><th>Messages</th></tr><tr><td><div class="messages">Control passed to child window<br/>Price is displayed<br/>product Description is displayed<br/>Customer Reviews is displayed<br/>Test case Passed displaysPriceProductdescriptionReviews</div></td></tr></table><p class="totop"><a href="#summary">back to summary</a></p>
<h3 id="m14">packageAmazon.ProjectAmazon.Testcase8_CheckifProductcanbeSortedByPrice#checkifProductcanbeSortedByPrice</h3><table class="result"><tr><th>Messages</th></tr><tr><td><div class="messages">Test case Passed checkifProductcanbeSortedByPrice</div></td></tr></table><p class="totop"><a href="#summary">back to summary</a></p>
<h3 id="m15">packageAmazon.ProjectAmazon.Testcase9_ProductaddedtoCart#productaddedtocart</h3><table class="result"><tr><th>Messages</th></tr><tr><td><div class="messages">Control passed to child window<br/>Test case Passed productaddedtocart</div></td></tr></table><p class="totop"><a href="#summary">back to summary</a></p>
</body>
</html>
