<?xml version="1.0" encoding="UTF-8"?>
<testng-results retried="1" ignored="1" total="17" passed="15" failed="0" skipped="0">
  <reporter-output>
    <line>
      <![CDATA[Test case Passed RegisternewUser]]>
    </line>
    <line>
      <![CDATA[Test case Passed validcredentials]]>
    </line>
    <line>
      <![CDATA[Test case Passed invalidcredentials]]>
    </line>
    <line>
      <![CDATA[Test case Passed editProfileInfo]]>
    </line>
    <line>
      <![CDATA[Test case Passed validcredentials_searchingproduct]]>
    </line>
    <line>
      <![CDATA[Test case Passed searchingwithFiltersYieldAccurateResults]]>
    </line>
    <line>
      <![CDATA[Control passed to child window]]>
    </line>
    <line>
      <![CDATA[Price is displayed]]>
    </line>
    <line>
      <![CDATA[product Description is displayed]]>
    </line>
    <line>
      <![CDATA[Customer Reviews is displayed]]>
    </line>
    <line>
      <![CDATA[Test case Passed displaysPriceProductdescriptionReviews]]>
    </line>
    <line>
      <![CDATA[Test case Passed checkifProductcanbeSortedByPrice]]>
    </line>
    <line>
      <![CDATA[Control passed to child window]]>
    </line>
    <line>
      <![CDATA[Test case Passed productaddedtocart]]>
    </line>
    <line>
      <![CDATA[ItemQuantity incremented]]>
    </line>
    <line>
      <![CDATA[ItemQuantity decremented]]>
    </line>
    <line>
      <![CDATA[Test case Passed addandRemoveItemQuantity]]>
    </line>
    <line>
      <![CDATA[control passed]]>
    </line>
    <line>
      <![CDATA[Product added to cart]]>
    </line>
    <line>
      <![CDATA[Address selection is done]]>
    </line>
    <line>
      <![CDATA[Payment selection is done]]>
    </line>
    <line>
      <![CDATA[Review page comtains product detail]]>
    </line>
    <line>
      <![CDATA[Test case Passed checkoutProcessAddressPaymentSelectionOrderreview]]>
    </line>
    <line>
      <![CDATA[Selected amazonpay]]>
    </line>
    <line>
      <![CDATA[Selected creditordebitcard]]>
    </line>
    <line>
      <![CDATA[Selected netbanking]]>
    </line>
    <line>
      <![CDATA[Selected emi]]>
    </line>
    <line>
      <![CDATA[Selected upi]]>
    </line>
    <line>
      <![CDATA[Selected cashondelivery]]>
    </line>
    <line>
      <![CDATA[payment selection is done]]>
    </line>
    <line>
      <![CDATA[Test case Passed selectEachPaymentMethod]]>
    </line>
    <line>
      <![CDATA[Couponcode entered]]>
    </line>
    <line>
      <![CDATA[Test case Passed applyforCouponCodeWhileOrdering]]>
    </line>
    <line>
      <![CDATA[Logged in with credentials]]>
    </line>
    <line>
      <![CDATA[Able to view orders page]]>
    </line>
    <line>
      <![CDATA[Review submitted with 5 star rating]]>
    </line>
    <line>
      <![CDATA[Test case Passed productRating]]>
    </line>
    <line>
      <![CDATA[Control passed to child window]]>
    </line>
    <line>
      <![CDATA[Reached till cart but cannot proceed to buy without login]]>
    </line>
    <line>
      <![CDATA[Test case Passed reachtillCartPageWithoutLogin]]>
    </line>
  </reporter-output>
  <suite started-at="2025-05-12T21:55:22 IST" name="Suite" finished-at="2025-05-12T22:06:13 IST" duration-ms="650549">
    <groups>
    </groups>
    <test started-at="2025-05-12T21:55:22 IST" name="Test" finished-at="2025-05-12T22:06:13 IST" duration-ms="650549">
      <class name="packageAmazon.ProjectAmazon.Testcase8_CheckifProductcanbeSortedByPrice">
        <test-method is-config="true" signature="launch(java.lang.String)[pri:0, instance:packageAmazon.ProjectAmazon.Testcase8_CheckifProductcanbeSortedByPrice@6771beb3]" started-at="2025-05-12T21:59:44 IST" name="launch" finished-at="2025-05-12T21:59:49 IST" duration-ms="5065" status="PASS">
          <params>
            <param index="0">
              <value>
                <![CDATA[chrome]]>
              </value>
            </param>
          </params>
          <reporter-output>
          </reporter-output>
        </test-method> <!-- launch -->
        <test-method signature="checkifProductcanbeSortedByPrice()[pri:0, instance:packageAmazon.ProjectAmazon.Testcase8_CheckifProductcanbeSortedByPrice@6771beb3]" started-at="2025-05-12T21:59:49 IST" name="checkifProductcanbeSortedByPrice" finished-at="2025-05-12T22:00:01 IST" duration-ms="12197" status="PASS">
          <reporter-output>
            <line>
              <![CDATA[Test case Passed checkifProductcanbeSortedByPrice]]>
            </line>
          </reporter-output>
        </test-method> <!-- checkifProductcanbeSortedByPrice -->
        <test-method is-config="true" signature="quit()[pri:0, instance:packageAmazon.ProjectAmazon.Testcase8_CheckifProductcanbeSortedByPrice@6771beb3]" started-at="2025-05-12T22:00:01 IST" name="quit" finished-at="2025-05-12T22:00:04 IST" duration-ms="2300" status="PASS">
          <reporter-output>
          </reporter-output>
        </test-method> <!-- quit -->
      </class> <!-- packageAmazon.ProjectAmazon.Testcase8_CheckifProductcanbeSortedByPrice -->
      <class name="packageAmazon.ProjectAmazon.Testcase9_ProductaddedtoCart">
        <test-method is-config="true" signature="launch(java.lang.String)[pri:0, instance:packageAmazon.ProjectAmazon.Testcase9_ProductaddedtoCart@51399530]" started-at="2025-05-12T22:00:04 IST" name="launch" finished-at="2025-05-12T22:00:09 IST" duration-ms="5116" status="PASS">
          <params>
            <param index="0">
              <value>
                <![CDATA[chrome]]>
              </value>
            </param>
          </params>
          <reporter-output>
          </reporter-output>
        </test-method> <!-- launch -->
        <test-method signature="productaddedtocart()[pri:0, instance:packageAmazon.ProjectAmazon.Testcase9_ProductaddedtoCart@51399530]" started-at="2025-05-12T22:00:09 IST" name="productaddedtocart" finished-at="2025-05-12T22:00:34 IST" duration-ms="25058" status="PASS">
          <reporter-output>
            <line>
              <![CDATA[Control passed to child window]]>
            </line>
            <line>
              <![CDATA[Test case Passed productaddedtocart]]>
            </line>
          </reporter-output>
        </test-method> <!-- productaddedtocart -->
        <test-method is-config="true" signature="quit()[pri:0, instance:packageAmazon.ProjectAmazon.Testcase9_ProductaddedtoCart@51399530]" started-at="2025-05-12T22:00:34 IST" name="quit" finished-at="2025-05-12T22:00:37 IST" duration-ms="2497" status="PASS">
          <reporter-output>
          </reporter-output>
        </test-method> <!-- quit -->
      </class> <!-- packageAmazon.ProjectAmazon.Testcase9_ProductaddedtoCart -->
      <class name="packageAmazon.ProjectAmazon.Testcase15_ReachtillCartPageWithoutLogin">
        <test-method is-config="true" signature="launch(java.lang.String)[pri:0, instance:packageAmazon.ProjectAmazon.Testcase15_ReachtillCartPageWithoutLogin@13c9d689]" started-at="2025-05-12T22:05:54 IST" name="launch" finished-at="2025-05-12T22:05:59 IST" duration-ms="5102" status="PASS">
          <params>
            <param index="0">
              <value>
                <![CDATA[chrome]]>
              </value>
            </param>
          </params>
          <reporter-output>
          </reporter-output>
        </test-method> <!-- launch -->
        <test-method signature="reachtillCartPageWithoutLogin()[pri:0, instance:packageAmazon.ProjectAmazon.Testcase15_ReachtillCartPageWithoutLogin@13c9d689]" started-at="2025-05-12T22:05:59 IST" name="reachtillCartPageWithoutLogin" finished-at="2025-05-12T22:06:10 IST" duration-ms="10716" status="PASS">
          <reporter-output>
            <line>
              <![CDATA[Control passed to child window]]>
            </line>
            <line>
              <![CDATA[Reached till cart but cannot proceed to buy without login]]>
            </line>
            <line>
              <![CDATA[Test case Passed reachtillCartPageWithoutLogin]]>
            </line>
          </reporter-output>
        </test-method> <!-- reachtillCartPageWithoutLogin -->
        <test-method is-config="true" signature="quit()[pri:0, instance:packageAmazon.ProjectAmazon.Testcase15_ReachtillCartPageWithoutLogin@13c9d689]" started-at="2025-05-12T22:06:10 IST" name="quit" finished-at="2025-05-12T22:06:13 IST" duration-ms="2297" status="PASS">
          <reporter-output>
          </reporter-output>
        </test-method> <!-- quit -->
      </class> <!-- packageAmazon.ProjectAmazon.Testcase15_ReachtillCartPageWithoutLogin -->
      <class name="packageAmazon.ProjectAmazon.Testcase6_SearchingwithFiltersYieldAccurateResults">
        <test-method is-config="true" signature="launch(java.lang.String)[pri:0, instance:packageAmazon.ProjectAmazon.Testcase6_SearchingwithFiltersYieldAccurateResults@30c15d8b]" started-at="2025-05-12T21:58:02 IST" name="launch" finished-at="2025-05-12T21:58:05 IST" duration-ms="2673" status="PASS">
          <params>
            <param index="0">
              <value>
                <![CDATA[chrome]]>
              </value>
            </param>
          </params>
          <reporter-output>
          </reporter-output>
        </test-method> <!-- launch -->
        <test-method signature="searchingwithFiltersYieldAccurateResults()[pri:0, instance:packageAmazon.ProjectAmazon.Testcase6_SearchingwithFiltersYieldAccurateResults@30c15d8b]" started-at="2025-05-12T21:58:05 IST" name="searchingwithFiltersYieldAccurateResults" finished-at="2025-05-12T21:59:04 IST" duration-ms="58523" status="PASS">
          <reporter-output>
            <line>
              <![CDATA[Test case Passed searchingwithFiltersYieldAccurateResults]]>
            </line>
          </reporter-output>
        </test-method> <!-- searchingwithFiltersYieldAccurateResults -->
        <test-method is-config="true" signature="quit()[pri:0, instance:packageAmazon.ProjectAmazon.Testcase6_SearchingwithFiltersYieldAccurateResults@30c15d8b]" started-at="2025-05-12T21:59:04 IST" name="quit" finished-at="2025-05-12T21:59:06 IST" duration-ms="2291" status="PASS">
          <reporter-output>
          </reporter-output>
        </test-method> <!-- quit -->
      </class> <!-- packageAmazon.ProjectAmazon.Testcase6_SearchingwithFiltersYieldAccurateResults -->
      <class name="packageAmazon.ProjectAmazon.Testcase3_LoginFailswithIncorrectEmailorPassword">
        <test-method is-config="true" signature="launch(java.lang.String)[pri:0, instance:packageAmazon.ProjectAmazon.Testcase3_LoginFailswithIncorrectEmailorPassword@74235045]" started-at="2025-05-12T21:56:29 IST" name="launch" finished-at="2025-05-12T21:56:37 IST" duration-ms="7770" status="PASS">
          <params>
            <param index="0">
              <value>
                <![CDATA[chrome]]>
              </value>
            </param>
          </params>
          <reporter-output>
          </reporter-output>
        </test-method> <!-- launch -->
        <test-method signature="invalidcredentials()[pri:0, instance:packageAmazon.ProjectAmazon.Testcase3_LoginFailswithIncorrectEmailorPassword@74235045]" started-at="2025-05-12T21:56:37 IST" name="invalidcredentials" finished-at="2025-05-12T21:56:41 IST" duration-ms="4165" status="PASS">
          <reporter-output>
            <line>
              <![CDATA[Test case Passed invalidcredentials]]>
            </line>
          </reporter-output>
        </test-method> <!-- invalidcredentials -->
        <test-method is-config="true" signature="quit()[pri:0, instance:packageAmazon.ProjectAmazon.Testcase3_LoginFailswithIncorrectEmailorPassword@74235045]" started-at="2025-05-12T21:56:41 IST" name="quit" finished-at="2025-05-12T21:56:44 IST" duration-ms="2234" status="PASS">
          <reporter-output>
          </reporter-output>
        </test-method> <!-- quit -->
      </class> <!-- packageAmazon.ProjectAmazon.Testcase3_LoginFailswithIncorrectEmailorPassword -->
      <class name="packageAmazon.ProjectAmazon.Testcase11_CheckoutProcessAddressPaymentSelectionOrderreview">
        <test-method is-config="true" signature="launch(java.lang.String)[pri:0, instance:packageAmazon.ProjectAmazon.Testcase11_CheckoutProcessAddressPaymentSelectionOrderreview@411f53a0]" started-at="2025-05-12T22:01:26 IST" name="launch" finished-at="2025-05-12T22:01:32 IST" duration-ms="6155" status="PASS">
          <params>
            <param index="0">
              <value>
                <![CDATA[chrome]]>
              </value>
            </param>
          </params>
          <reporter-output>
          </reporter-output>
        </test-method> <!-- launch -->
        <test-method signature="checkoutProcessAddressPaymentSelectionOrderreview()[pri:0, instance:packageAmazon.ProjectAmazon.Testcase11_CheckoutProcessAddressPaymentSelectionOrderreview@411f53a0]" started-at="2025-05-12T22:01:32 IST" name="checkoutProcessAddressPaymentSelectionOrderreview" finished-at="2025-05-12T22:02:28 IST" duration-ms="55493" status="PASS">
          <reporter-output>
            <line>
              <![CDATA[control passed]]>
            </line>
            <line>
              <![CDATA[Product added to cart]]>
            </line>
            <line>
              <![CDATA[Address selection is done]]>
            </line>
            <line>
              <![CDATA[Payment selection is done]]>
            </line>
            <line>
              <![CDATA[Review page comtains product detail]]>
            </line>
            <line>
              <![CDATA[Test case Passed checkoutProcessAddressPaymentSelectionOrderreview]]>
            </line>
          </reporter-output>
        </test-method> <!-- checkoutProcessAddressPaymentSelectionOrderreview -->
        <test-method is-config="true" signature="quit()[pri:0, instance:packageAmazon.ProjectAmazon.Testcase11_CheckoutProcessAddressPaymentSelectionOrderreview@411f53a0]" started-at="2025-05-12T22:02:28 IST" name="quit" finished-at="2025-05-12T22:02:30 IST" duration-ms="2325" status="PASS">
          <reporter-output>
          </reporter-output>
        </test-method> <!-- quit -->
      </class> <!-- packageAmazon.ProjectAmazon.Testcase11_CheckoutProcessAddressPaymentSelectionOrderreview -->
      <class name="packageAmazon.ProjectAmazon.Testcase5_LogintoAmazon_SearchforAproduct">
        <test-method is-config="true" signature="launch(java.lang.String)[pri:0, instance:packageAmazon.ProjectAmazon.Testcase5_LogintoAmazon_SearchforAproduct@2d3379b4]" started-at="2025-05-12T21:57:44 IST" name="launch" finished-at="2025-05-12T21:57:49 IST" duration-ms="4808" status="PASS">
          <params>
            <param index="0">
              <value>
                <![CDATA[chrome]]>
              </value>
            </param>
          </params>
          <reporter-output>
          </reporter-output>
        </test-method> <!-- launch -->
        <test-method signature="validcredentials_searchingproduct()[pri:0, instance:packageAmazon.ProjectAmazon.Testcase5_LogintoAmazon_SearchforAproduct@2d3379b4]" started-at="2025-05-12T21:57:49 IST" name="validcredentials_searchingproduct" finished-at="2025-05-12T21:58:00 IST" duration-ms="11245" status="PASS">
          <reporter-output>
            <line>
              <![CDATA[Test case Passed validcredentials_searchingproduct]]>
            </line>
          </reporter-output>
        </test-method> <!-- validcredentials_searchingproduct -->
        <test-method is-config="true" signature="quit()[pri:0, instance:packageAmazon.ProjectAmazon.Testcase5_LogintoAmazon_SearchforAproduct@2d3379b4]" started-at="2025-05-12T21:58:00 IST" name="quit" finished-at="2025-05-12T21:58:02 IST" duration-ms="2380" status="PASS">
          <reporter-output>
          </reporter-output>
        </test-method> <!-- quit -->
      </class> <!-- packageAmazon.ProjectAmazon.Testcase5_LogintoAmazon_SearchforAproduct -->
      <class name="packageAmazon.ProjectAmazon.Testcase13_ApplyforCouponCodeWhileOrdering">
        <test-method is-config="true" signature="launch(java.lang.String)[pri:0, instance:packageAmazon.ProjectAmazon.Testcase13_ApplyforCouponCodeWhileOrdering@36fc695d]" started-at="2025-05-12T22:04:41 IST" name="launch" finished-at="2025-05-12T22:04:46 IST" duration-ms="4827" status="PASS">
          <params>
            <param index="0">
              <value>
                <![CDATA[chrome]]>
              </value>
            </param>
          </params>
          <reporter-output>
          </reporter-output>
        </test-method> <!-- launch -->
        <test-method signature="applyforCouponCodeWhileOrdering()[pri:0, instance:packageAmazon.ProjectAmazon.Testcase13_ApplyforCouponCodeWhileOrdering@36fc695d]" started-at="2025-05-12T22:04:46 IST" name="applyforCouponCodeWhileOrdering" finished-at="2025-05-12T22:05:02 IST" duration-ms="15777" status="PASS">
          <reporter-output>
            <line>
              <![CDATA[Couponcode entered]]>
            </line>
            <line>
              <![CDATA[Test case Passed applyforCouponCodeWhileOrdering]]>
            </line>
          </reporter-output>
        </test-method> <!-- applyforCouponCodeWhileOrdering -->
        <test-method is-config="true" signature="quit()[pri:0, instance:packageAmazon.ProjectAmazon.Testcase13_ApplyforCouponCodeWhileOrdering@36fc695d]" started-at="2025-05-12T22:05:02 IST" name="quit" finished-at="2025-05-12T22:05:04 IST" duration-ms="2280" status="PASS">
          <reporter-output>
          </reporter-output>
        </test-method> <!-- quit -->
      </class> <!-- packageAmazon.ProjectAmazon.Testcase13_ApplyforCouponCodeWhileOrdering -->
      <class name="packageAmazon.ProjectAmazon.Testcase2_LogintoAmazon">
        <test-method is-config="true" signature="launch(java.lang.String)[pri:0, instance:packageAmazon.ProjectAmazon.Testcase2_LogintoAmazon@765d7657]" started-at="2025-05-12T21:55:47 IST" name="launch" finished-at="2025-05-12T21:55:50 IST" duration-ms="2977" status="PASS">
          <params>
            <param index="0">
              <value>
                <![CDATA[chrome]]>
              </value>
            </param>
          </params>
          <reporter-output>
          </reporter-output>
        </test-method> <!-- launch -->
        <test-method retried="true" signature="validcredentials()[pri:0, instance:packageAmazon.ProjectAmazon.Testcase2_LogintoAmazon@765d7657]" started-at="2025-05-12T21:55:50 IST" name="validcredentials" finished-at="2025-05-12T21:56:00 IST" duration-ms="10225" status="SKIP">
          <exception class="org.openqa.selenium.json.JsonException">
            <message>
              <![CDATA[java.lang.reflect.InvocationTargetException
Build info: version: '4.30.0', revision: '509c7f17cc*'
System info: os.name: 'Windows 11', os.arch: 'amd64', os.version: '10.0', java.version: '23.0.1'
Driver info: org.openqa.selenium.chrome.ChromeDriver
Command: [48022313a5267724258e702b79efd390, actions {actions=[org.openqa.selenium.interactions.Sequence@b965857]}]
Capabilities {acceptInsecureCerts: false, browserName: chrome, browserVersion: 136.0.7103.92, chrome: {chromedriverVersion: 136.0.7103.92 (cb81a4cc5087..., userDataDir: C:\Users\User\AppData\Local...}, fedcm:accounts: true, goog:chromeOptions: {debuggerAddress: localhost:58151}, networkConnectionEnabled: false, pageLoadStrategy: normal, platformName: windows, proxy: Proxy(), se:cdp: ws://localhost:58151/devtoo..., se:cdpVersion: 136.0.7103.92, setWindowRect: true, strictFileInteractability: false, timeouts: {implicit: 0, pageLoad: 300000, script: 30000}, unhandledPromptBehavior: dismiss and notify, webauthn:extension:credBlob: true, webauthn:extension:largeBlob: true, webauthn:extension:minPinLength: true, webauthn:extension:prf: true, webauthn:virtualAuthenticators: true}
Session ID: 48022313a5267724258e702b79efd390]]>
            </message>
            <full-stacktrace>
              <![CDATA[org.openqa.selenium.json.JsonException: java.lang.reflect.InvocationTargetException
Build info: version: '4.30.0', revision: '509c7f17cc*'
System info: os.name: 'Windows 11', os.arch: 'amd64', os.version: '10.0', java.version: '23.0.1'
Driver info: org.openqa.selenium.chrome.ChromeDriver
Command: [48022313a5267724258e702b79efd390, actions {actions=[org.openqa.selenium.interactions.Sequence@b965857]}]
Capabilities {acceptInsecureCerts: false, browserName: chrome, browserVersion: 136.0.7103.92, chrome: {chromedriverVersion: 136.0.7103.92 (cb81a4cc5087..., userDataDir: C:\Users\User\AppData\Local...}, fedcm:accounts: true, goog:chromeOptions: {debuggerAddress: localhost:58151}, networkConnectionEnabled: false, pageLoadStrategy: normal, platformName: windows, proxy: Proxy(), se:cdp: ws://localhost:58151/devtoo..., se:cdpVersion: 136.0.7103.92, setWindowRect: true, strictFileInteractability: false, timeouts: {implicit: 0, pageLoad: 300000, script: 30000}, unhandledPromptBehavior: dismiss and notify, webauthn:extension:credBlob: true, webauthn:extension:largeBlob: true, webauthn:extension:minPinLength: true, webauthn:extension:prf: true, webauthn:virtualAuthenticators: true}
Session ID: 48022313a5267724258e702b79efd390
at org.openqa.selenium.json.JsonOutput.convertUsingMethod(JsonOutput.java:520)
at org.openqa.selenium.json.JsonOutput.lambda$new$16(JsonOutput.java:182)
at org.openqa.selenium.json.JsonOutput.write0(JsonOutput.java:409)
at org.openqa.selenium.json.JsonOutput.lambda$new$22(JsonOutput.java:204)
at java.base/java.util.stream.ForEachOps$ForEachOp$OfRef.accept(ForEachOps.java:184)
at java.base/java.util.stream.ReferencePipeline$2$1.accept(ReferencePipeline.java:197)
at java.base/java.util.Iterator.forEachRemaining(Iterator.java:133)
at java.base/java.util.Spliterators$IteratorSpliterator.forEachRemaining(Spliterators.java:1939)
at java.base/java.util.stream.AbstractPipeline.copyInto(AbstractPipeline.java:570)
at java.base/java.util.stream.AbstractPipeline.wrapAndCopyInto(AbstractPipeline.java:560)
at java.base/java.util.stream.ForEachOps$ForEachOp.evaluateSequential(ForEachOps.java:151)
at java.base/java.util.stream.ForEachOps$ForEachOp$OfRef.evaluateSequential(ForEachOps.java:174)
at java.base/java.util.stream.AbstractPipeline.evaluate(AbstractPipeline.java:265)
at java.base/java.util.stream.ReferencePipeline.forEach(ReferencePipeline.java:636)
at org.openqa.selenium.json.JsonOutput.lambda$new$23(JsonOutput.java:204)
at org.openqa.selenium.json.JsonOutput.write0(JsonOutput.java:409)
at org.openqa.selenium.json.JsonOutput.lambda$new$24(JsonOutput.java:222)
at java.base/java.util.Map.forEach(Map.java:733)
at org.openqa.selenium.json.JsonOutput.lambda$new$25(JsonOutput.java:217)
at org.openqa.selenium.json.JsonOutput.write0(JsonOutput.java:409)
at org.openqa.selenium.json.JsonOutput.write(JsonOutput.java:400)
at org.openqa.selenium.json.Json.toJson(Json.java:133)
at org.openqa.selenium.json.Json.toJson(Json.java:119)
at org.openqa.selenium.remote.codec.AbstractHttpCommandCodec.encode(AbstractHttpCommandCodec.java:236)
at org.openqa.selenium.remote.codec.AbstractHttpCommandCodec.encode(AbstractHttpCommandCodec.java:109)
at org.openqa.selenium.remote.HttpCommandExecutor.execute(HttpCommandExecutor.java:203)
at org.openqa.selenium.remote.service.DriverCommandExecutor.invokeExecute(DriverCommandExecutor.java:216)
at org.openqa.selenium.remote.service.DriverCommandExecutor.execute(DriverCommandExecutor.java:174)
at org.openqa.selenium.remote.RemoteWebDriver.execute(RemoteWebDriver.java:545)
at org.openqa.selenium.remote.RemoteWebDriver.perform(RemoteWebDriver.java:631)
at org.openqa.selenium.interactions.Actions$BuiltAction.perform(Actions.java:616)
at org.openqa.selenium.interactions.Actions.perform(Actions.java:581)
at packageAmazon.ProjectAmazon.Homepage.acntndlst(Homepage.java:50)
at packageAmazon.ProjectAmazon.Testcase2_LogintoAmazon.validcredentials(Testcase2_LogintoAmazon.java:18)
at java.base/jdk.internal.reflect.DirectMethodHandleAccessor.invoke(DirectMethodHandleAccessor.java:103)
at java.base/java.lang.reflect.Method.invoke(Method.java:580)
at org.testng.internal.invokers.MethodInvocationHelper.invokeMethod(MethodInvocationHelper.java:141)
at org.testng.internal.invokers.TestInvoker.invokeMethod(TestInvoker.java:686)
at org.testng.internal.invokers.TestInvoker.invokeTestMethod(TestInvoker.java:230)
at org.testng.internal.invokers.MethodRunner.runInSequence(MethodRunner.java:63)
at org.testng.internal.invokers.TestInvoker$MethodInvocationAgent.invoke(TestInvoker.java:992)
at org.testng.internal.invokers.TestInvoker.invokeTestMethods(TestInvoker.java:203)
at org.testng.internal.invokers.TestMethodWorker.invokeTestMethods(TestMethodWorker.java:154)
at org.testng.internal.invokers.TestMethodWorker.run(TestMethodWorker.java:134)
at java.base/java.util.ArrayList.forEach(ArrayList.java:1597)
at org.testng.TestRunner.privateRun(TestRunner.java:739)
at org.testng.TestRunner.run(TestRunner.java:614)
at org.testng.SuiteRunner.runTest(SuiteRunner.java:421)
at org.testng.SuiteRunner.runSequentially(SuiteRunner.java:413)
at org.testng.SuiteRunner.privateRun(SuiteRunner.java:373)
at org.testng.SuiteRunner.run(SuiteRunner.java:312)
at org.testng.SuiteRunnerWorker.runSuite(SuiteRunnerWorker.java:52)
at org.testng.SuiteRunnerWorker.run(SuiteRunnerWorker.java:95)
at org.testng.TestNG.runSuitesSequentially(TestNG.java:1274)
at org.testng.TestNG.runSuitesLocally(TestNG.java:1208)
at org.testng.TestNG.runSuites(TestNG.java:1112)
at org.testng.TestNG.run(TestNG.java:1079)
at org.apache.maven.surefire.testng.TestNGExecutor.run(TestNGExecutor.java:308)
at org.apache.maven.surefire.testng.TestNGXmlTestSuite.execute(TestNGXmlTestSuite.java:71)
at org.apache.maven.surefire.testng.TestNGProvider.invoke(TestNGProvider.java:113)
at org.apache.maven.surefire.booter.ForkedBooter.runSuitesInProcess(ForkedBooter.java:385)
at org.apache.maven.surefire.booter.ForkedBooter.execute(ForkedBooter.java:162)
at org.apache.maven.surefire.booter.ForkedBooter.run(ForkedBooter.java:507)
at org.apache.maven.surefire.booter.ForkedBooter.main(ForkedBooter.java:495)
Suppressed: org.openqa.selenium.json.JsonException: Attempting to close incomplete json stream
Build info: version: '4.30.0', revision: '509c7f17cc*'
System info: os.name: 'Windows 11', os.arch: 'amd64', os.version: '10.0', java.version: '23.0.1'
Driver info: driver.version: RemoteWebDriver
at org.openqa.selenium.json.JsonOutput.close(JsonOutput.java:431)
at org.openqa.selenium.json.Json.toJson(Json.java:131)
... 42 more
Caused by: java.lang.reflect.InvocationTargetException
at java.base/jdk.internal.reflect.DirectMethodHandleAccessor.invoke(DirectMethodHandleAccessor.java:118)
at java.base/java.lang.reflect.Method.invoke(Method.java:580)
at org.openqa.selenium.json.JsonOutput.convertUsingMethod(JsonOutput.java:516)
... 63 more
Caused by: org.openqa.selenium.NoSuchElementException: no such element: Unable to locate element: {"method":"xpath","selector":"//span[@class='nav-line-2 ']"}
  (Session info: chrome=136.0.7103.92)
For documentation on this error, please visit: https://www.selenium.dev/documentation/webdriver/troubleshooting/errors#no-such-element-exception
Build info: version: '4.30.0', revision: '509c7f17cc*'
System info: os.name: 'Windows 11', os.arch: 'amd64', os.version: '10.0', java.version: '23.0.1'
Driver info: org.openqa.selenium.chrome.ChromeDriver
Command: [48022313a5267724258e702b79efd390, findElement {value=//span[@class='nav-line-2 '], using=xpath}]
Capabilities {acceptInsecureCerts: false, browserName: chrome, browserVersion: 136.0.7103.92, chrome: {chromedriverVersion: 136.0.7103.92 (cb81a4cc5087..., userDataDir: C:\Users\User\AppData\Local...}, fedcm:accounts: true, goog:chromeOptions: {debuggerAddress: localhost:58151}, networkConnectionEnabled: false, pageLoadStrategy: normal, platformName: windows, proxy: Proxy(), se:cdp: ws://localhost:58151/devtoo..., se:cdpVersion: 136.0.7103.92, setWindowRect: true, strictFileInteractability: false, timeouts: {implicit: 0, pageLoad: 300000, script: 30000}, unhandledPromptBehavior: dismiss and notify, webauthn:extension:credBlob: true, webauthn:extension:largeBlob: true, webauthn:extension:minPinLength: true, webauthn:extension:prf: true, webauthn:virtualAuthenticators: true}
Session ID: 48022313a5267724258e702b79efd390
at java.base/jdk.internal.reflect.DirectConstructorHandleAccessor.newInstance(DirectConstructorHandleAccessor.java:62)
at java.base/java.lang.reflect.Constructor.newInstanceWithCaller(Constructor.java:501)
at java.base/java.lang.reflect.Constructor.newInstance(Constructor.java:485)
at org.openqa.selenium.remote.ErrorCodec.decode(ErrorCodec.java:167)
at org.openqa.selenium.remote.codec.w3c.W3CHttpResponseCodec.decode(W3CHttpResponseCodec.java:138)
at org.openqa.selenium.remote.codec.w3c.W3CHttpResponseCodec.decode(W3CHttpResponseCodec.java:50)
at org.openqa.selenium.remote.HttpCommandExecutor.execute(HttpCommandExecutor.java:215)
at org.openqa.selenium.remote.service.DriverCommandExecutor.invokeExecute(DriverCommandExecutor.java:216)
at org.openqa.selenium.remote.service.DriverCommandExecutor.execute(DriverCommandExecutor.java:174)
at org.openqa.selenium.remote.RemoteWebDriver.execute(RemoteWebDriver.java:545)
at org.openqa.selenium.remote.ElementLocation$ElementFinder$2.findElement(ElementLocation.java:165)
at org.openqa.selenium.remote.ElementLocation.findElement(ElementLocation.java:59)
at org.openqa.selenium.remote.RemoteWebDriver.findElement(RemoteWebDriver.java:368)
at org.openqa.selenium.remote.RemoteWebDriver.findElement(RemoteWebDriver.java:362)
at org.openqa.selenium.support.pagefactory.DefaultElementLocator.findElement(DefaultElementLocator.java:68)
at org.openqa.selenium.support.pagefactory.internal.LocatingElementHandler.invoke(LocatingElementHandler.java:38)
at jdk.proxy2/jdk.proxy2.$Proxy12.getWrappedElement(Unknown Source)
at org.openqa.selenium.interactions.PointerInput$Origin.asArg(PointerInput.java:262)
at org.openqa.selenium.interactions.PointerInput$Move.encode(PointerInput.java:211)
at org.openqa.selenium.interactions.Sequence.encode(Sequence.java:74)
at org.openqa.selenium.interactions.Sequence.toJson(Sequence.java:83)
at java.base/jdk.internal.reflect.DirectMethodHandleAccessor.invoke(DirectMethodHandleAccessor.java:103)
... 65 more
]]>
            </full-stacktrace>
          </exception> <!-- org.openqa.selenium.json.JsonException -->
          <reporter-output>
          </reporter-output>
        </test-method> <!-- validcredentials -->
        <test-method is-config="true" signature="quit()[pri:0, instance:packageAmazon.ProjectAmazon.Testcase2_LogintoAmazon@765d7657]" started-at="2025-05-12T21:56:00 IST" name="quit" finished-at="2025-05-12T21:56:02 IST" duration-ms="2265" status="PASS">
          <reporter-output>
          </reporter-output>
        </test-method> <!-- quit -->
        <test-method is-config="true" signature="launch(java.lang.String)[pri:0, instance:packageAmazon.ProjectAmazon.Testcase2_LogintoAmazon@765d7657]" started-at="2025-05-12T21:56:02 IST" name="launch" finished-at="2025-05-12T21:56:17 IST" duration-ms="15022" status="PASS">
          <params>
            <param index="0">
              <value>
                <![CDATA[chrome]]>
              </value>
            </param>
          </params>
          <reporter-output>
          </reporter-output>
        </test-method> <!-- launch -->
        <test-method signature="validcredentials()[pri:0, instance:packageAmazon.ProjectAmazon.Testcase2_LogintoAmazon@765d7657]" started-at="2025-05-12T21:56:17 IST" name="validcredentials" finished-at="2025-05-12T21:56:27 IST" duration-ms="9556" status="PASS">
          <reporter-output>
            <line>
              <![CDATA[Test case Passed validcredentials]]>
            </line>
          </reporter-output>
        </test-method> <!-- validcredentials -->
        <test-method is-config="true" signature="quit()[pri:0, instance:packageAmazon.ProjectAmazon.Testcase2_LogintoAmazon@765d7657]" started-at="2025-05-12T21:56:27 IST" name="quit" finished-at="2025-05-12T21:56:29 IST" duration-ms="2241" status="PASS">
          <reporter-output>
          </reporter-output>
        </test-method> <!-- quit -->
      </class> <!-- packageAmazon.ProjectAmazon.Testcase2_LogintoAmazon -->
      <class name="packageAmazon.ProjectAmazon.Testcase4_EditProfileInfo">
        <test-method is-config="true" signature="launch(java.lang.String)[pri:0, instance:packageAmazon.ProjectAmazon.Testcase4_EditProfileInfo@618b19ad]" started-at="2025-05-12T21:56:44 IST" name="launch" finished-at="2025-05-12T21:57:07 IST" duration-ms="23793" status="PASS">
          <params>
            <param index="0">
              <value>
                <![CDATA[chrome]]>
              </value>
            </param>
          </params>
          <reporter-output>
          </reporter-output>
        </test-method> <!-- launch -->
        <test-method signature="editProfileInfo()[pri:0, instance:packageAmazon.ProjectAmazon.Testcase4_EditProfileInfo@618b19ad]" started-at="2025-05-12T21:57:07 IST" name="editProfileInfo" finished-at="2025-05-12T21:57:41 IST" duration-ms="33897" status="PASS">
          <reporter-output>
            <line>
              <![CDATA[Test case Passed editProfileInfo]]>
            </line>
          </reporter-output>
        </test-method> <!-- editProfileInfo -->
        <test-method is-config="true" signature="quit()[pri:0, instance:packageAmazon.ProjectAmazon.Testcase4_EditProfileInfo@618b19ad]" started-at="2025-05-12T21:57:41 IST" name="quit" finished-at="2025-05-12T21:57:44 IST" duration-ms="2316" status="PASS">
          <reporter-output>
          </reporter-output>
        </test-method> <!-- quit -->
      </class> <!-- packageAmazon.ProjectAmazon.Testcase4_EditProfileInfo -->
      <class name="packageAmazon.ProjectAmazon.Testcase1_RegisterNewUser">
        <test-method is-config="true" signature="launch(java.lang.String)[pri:0, instance:packageAmazon.ProjectAmazon.Testcase1_RegisterNewUser@7d8995e]" started-at="2025-05-12T21:55:22 IST" name="launch" finished-at="2025-05-12T21:55:33 IST" duration-ms="10584" status="PASS">
          <params>
            <param index="0">
              <value>
                <![CDATA[chrome]]>
              </value>
            </param>
          </params>
          <reporter-output>
          </reporter-output>
        </test-method> <!-- launch -->
        <test-method signature="RegisternewUser()[pri:0, instance:packageAmazon.ProjectAmazon.Testcase1_RegisterNewUser@7d8995e]" started-at="2025-05-12T21:55:33 IST" name="RegisternewUser" finished-at="2025-05-12T21:55:44 IST" duration-ms="11066" status="PASS">
          <reporter-output>
            <line>
              <![CDATA[Test case Passed RegisternewUser]]>
            </line>
          </reporter-output>
        </test-method> <!-- RegisternewUser -->
        <test-method is-config="true" signature="quit()[pri:0, instance:packageAmazon.ProjectAmazon.Testcase1_RegisterNewUser@7d8995e]" started-at="2025-05-12T21:55:44 IST" name="quit" finished-at="2025-05-12T21:55:47 IST" duration-ms="2315" status="PASS">
          <reporter-output>
          </reporter-output>
        </test-method> <!-- quit -->
      </class> <!-- packageAmazon.ProjectAmazon.Testcase1_RegisterNewUser -->
      <class name="packageAmazon.ProjectAmazon.Testcase14_ProductRating">
        <test-method is-config="true" signature="launch(java.lang.String)[pri:0, instance:packageAmazon.ProjectAmazon.Testcase14_ProductRating@28701274]" started-at="2025-05-12T22:05:04 IST" name="launch" finished-at="2025-05-12T22:05:26 IST" duration-ms="21564" status="PASS">
          <params>
            <param index="0">
              <value>
                <![CDATA[chrome]]>
              </value>
            </param>
          </params>
          <reporter-output>
          </reporter-output>
        </test-method> <!-- launch -->
        <test-method signature="productRating()[pri:0, instance:packageAmazon.ProjectAmazon.Testcase14_ProductRating@28701274]" started-at="2025-05-12T22:05:26 IST" name="productRating" finished-at="2025-05-12T22:05:52 IST" duration-ms="25924" status="PASS">
          <reporter-output>
            <line>
              <![CDATA[Logged in with credentials]]>
            </line>
            <line>
              <![CDATA[Able to view orders page]]>
            </line>
            <line>
              <![CDATA[Review submitted with 5 star rating]]>
            </line>
            <line>
              <![CDATA[Test case Passed productRating]]>
            </line>
          </reporter-output>
        </test-method> <!-- productRating -->
        <test-method is-config="true" signature="quit()[pri:0, instance:packageAmazon.ProjectAmazon.Testcase14_ProductRating@28701274]" started-at="2025-05-12T22:05:52 IST" name="quit" finished-at="2025-05-12T22:05:54 IST" duration-ms="2330" status="PASS">
          <reporter-output>
          </reporter-output>
        </test-method> <!-- quit -->
      </class> <!-- packageAmazon.ProjectAmazon.Testcase14_ProductRating -->
      <class name="packageAmazon.ProjectAmazon.Testcase10_AddandRemoveItemQuantity">
        <test-method is-config="true" signature="launch(java.lang.String)[pri:0, instance:packageAmazon.ProjectAmazon.Testcase10_AddandRemoveItemQuantity@6b2ea799]" started-at="2025-05-12T22:00:37 IST" name="launch" finished-at="2025-05-12T22:00:42 IST" duration-ms="5589" status="PASS">
          <params>
            <param index="0">
              <value>
                <![CDATA[chrome]]>
              </value>
            </param>
          </params>
          <reporter-output>
          </reporter-output>
        </test-method> <!-- launch -->
        <test-method signature="addandRemoveItemQuantity()[pri:0, instance:packageAmazon.ProjectAmazon.Testcase10_AddandRemoveItemQuantity@6b2ea799]" started-at="2025-05-12T22:00:42 IST" name="addandRemoveItemQuantity" finished-at="2025-05-12T22:01:24 IST" duration-ms="41346" status="PASS">
          <reporter-output>
            <line>
              <![CDATA[ItemQuantity incremented]]>
            </line>
            <line>
              <![CDATA[ItemQuantity decremented]]>
            </line>
            <line>
              <![CDATA[Test case Passed addandRemoveItemQuantity]]>
            </line>
          </reporter-output>
        </test-method> <!-- addandRemoveItemQuantity -->
        <test-method is-config="true" signature="quit()[pri:0, instance:packageAmazon.ProjectAmazon.Testcase10_AddandRemoveItemQuantity@6b2ea799]" started-at="2025-05-12T22:01:24 IST" name="quit" finished-at="2025-05-12T22:01:26 IST" duration-ms="2353" status="PASS">
          <reporter-output>
          </reporter-output>
        </test-method> <!-- quit -->
      </class> <!-- packageAmazon.ProjectAmazon.Testcase10_AddandRemoveItemQuantity -->
      <class name="packageAmazon.ProjectAmazon.Testcase7_ProductpagedisplaysPriceReviews">
        <test-method is-config="true" signature="launch(java.lang.String)[pri:0, instance:packageAmazon.ProjectAmazon.Testcase7_ProductpagedisplaysPriceReviews@5e0e82ae]" started-at="2025-05-12T21:59:06 IST" name="launch" finished-at="2025-05-12T21:59:25 IST" duration-ms="18487" status="PASS">
          <params>
            <param index="0">
              <value>
                <![CDATA[chrome]]>
              </value>
            </param>
          </params>
          <reporter-output>
          </reporter-output>
        </test-method> <!-- launch -->
        <test-method signature="displaysPriceProductdescriptionReviews()[pri:0, instance:packageAmazon.ProjectAmazon.Testcase7_ProductpagedisplaysPriceReviews@5e0e82ae]" started-at="2025-05-12T21:59:25 IST" name="displaysPriceProductdescriptionReviews" finished-at="2025-05-12T21:59:41 IST" duration-ms="16435" status="PASS">
          <reporter-output>
            <line>
              <![CDATA[Control passed to child window]]>
            </line>
            <line>
              <![CDATA[Price is displayed]]>
            </line>
            <line>
              <![CDATA[product Description is displayed]]>
            </line>
            <line>
              <![CDATA[Customer Reviews is displayed]]>
            </line>
            <line>
              <![CDATA[Test case Passed displaysPriceProductdescriptionReviews]]>
            </line>
          </reporter-output>
        </test-method> <!-- displaysPriceProductdescriptionReviews -->
        <test-method is-config="true" signature="quit()[pri:0, instance:packageAmazon.ProjectAmazon.Testcase7_ProductpagedisplaysPriceReviews@5e0e82ae]" started-at="2025-05-12T21:59:41 IST" name="quit" finished-at="2025-05-12T21:59:44 IST" duration-ms="2350" status="PASS">
          <reporter-output>
          </reporter-output>
        </test-method> <!-- quit -->
      </class> <!-- packageAmazon.ProjectAmazon.Testcase7_ProductpagedisplaysPriceReviews -->
      <class name="packageAmazon.ProjectAmazon.Testcase12_SelectEachPaymentMethod">
        <test-method is-config="true" signature="launch(java.lang.String)[pri:0, instance:packageAmazon.ProjectAmazon.Testcase12_SelectEachPaymentMethod@2b71e916]" started-at="2025-05-12T22:02:30 IST" name="launch" finished-at="2025-05-12T22:02:47 IST" duration-ms="16251" status="PASS">
          <params>
            <param index="0">
              <value>
                <![CDATA[chrome]]>
              </value>
            </param>
          </params>
          <reporter-output>
          </reporter-output>
        </test-method> <!-- launch -->
        <test-method signature="selectEachPaymentMethod()[pri:0, instance:packageAmazon.ProjectAmazon.Testcase12_SelectEachPaymentMethod@2b71e916]" started-at="2025-05-12T22:02:47 IST" name="selectEachPaymentMethod" finished-at="2025-05-12T22:04:39 IST" duration-ms="112206" status="PASS">
          <reporter-output>
            <line>
              <![CDATA[Selected amazonpay]]>
            </line>
            <line>
              <![CDATA[Selected creditordebitcard]]>
            </line>
            <line>
              <![CDATA[Selected netbanking]]>
            </line>
            <line>
              <![CDATA[Selected emi]]>
            </line>
            <line>
              <![CDATA[Selected upi]]>
            </line>
            <line>
              <![CDATA[Selected cashondelivery]]>
            </line>
            <line>
              <![CDATA[payment selection is done]]>
            </line>
            <line>
              <![CDATA[Test case Passed selectEachPaymentMethod]]>
            </line>
          </reporter-output>
        </test-method> <!-- selectEachPaymentMethod -->
        <test-method is-config="true" signature="quit()[pri:0, instance:packageAmazon.ProjectAmazon.Testcase12_SelectEachPaymentMethod@2b71e916]" started-at="2025-05-12T22:04:39 IST" name="quit" finished-at="2025-05-12T22:04:41 IST" duration-ms="2274" status="PASS">
          <reporter-output>
          </reporter-output>
        </test-method> <!-- quit -->
      </class> <!-- packageAmazon.ProjectAmazon.Testcase12_SelectEachPaymentMethod -->
    </test> <!-- Test -->
  </suite> <!-- Suite -->
</testng-results>
