<?xml version="1.0" encoding="UTF-8"?>
<!-- Generated by org.testng.reporters.JUnitReportReporter -->
<testsuite hostname="DESKTOP-45CEJ1M" failures="0" tests="3" name="packageAmazon.ProjectAmazon.Testcase12_CheckoutProcessAddressPaymentSelectionOrderreview" time="150.973" errors="1" timestamp="2025-05-09T09:45:22 IST" skipped="2">
  <testcase classname="packageAmazon.ProjectAmazon.Testcase12_CheckoutProcessAddressPaymentSelectionOrderreview" name="checkoutProcessAddressPaymentSelectionOrderreview" time="51.566">
    <skipped/>
    <system-out>
      <![CDATA[control passed
Product added to cart
Address selection is done]]>
    </system-out>
  </testcase> <!-- checkoutProcessAddressPaymentSelectionOrderreview -->
  <testcase classname="packageAmazon.ProjectAmazon.Testcase12_CheckoutProcessAddressPaymentSelectionOrderreview" name="checkoutProcessAddressPaymentSelectionOrderreview" time="54.887">
    <skipped/>
    <system-out>
      <![CDATA[control passed
Product added to cart
Address selection is done]]>
    </system-out>
  </testcase> <!-- checkoutProcessAddressPaymentSelectionOrderreview -->
  <testcase classname="packageAmazon.ProjectAmazon.Testcase12_CheckoutProcessAddressPaymentSelectionOrderreview" name="checkoutProcessAddressPaymentSelectionOrderreview" time="44.520">
    <error message="element click intercepted: Element &lt;a data-args=&quot;redirectReason=payselectChangeClicked&quot; data-csa-c-slot-id=&quot;checkout-change-payselect&quot; data-csa-c-type=&quot;widget&quot; data-frompage=&quot;offers&quot; data-reftag=&quot;chk_offers_chg_payselect&quot; data-topage=&quot;payselect&quot; data-url=&quot;/checkout/p/p-404-9627495-3042710/pay?pipelineType=Chewbacca&amp;amp;referrer=offers&amp;amp;ref_=chk_offers_chg_payselect&quot; aria-label=&quot;Change payment method&quot; class=&quot;a-link-normal expand-panel-button celwidget&quot; href=&quot;/checkout/p/p-404-9627495-3042710/pay?pipelineType=Chewbacca&amp;amp;referrer=offers&amp;amp;ref_=chk_offers_chg_payselect&quot; data-csa-c-id=&quot;qsjiq9-eocwh4-5h55lb-cobwu&quot; data-cel-widget=&quot;&quot;&gt;...&lt;/a&gt; is not clickable at point (893, 244). Other element would receive the click: &lt;img src=&quot;https://m.media-amazon.com/images/G/31/prime/Tiering/EARLY_ACCESS_1._CB574193119_.png&quot;&gt;
  (Session info: chrome=136.0.7103.92)
Build info: version: &#039;4.30.0&#039;, revision: &#039;509c7f17cc*&#039;
System info: os.name: &#039;Windows 11&#039;, os.arch: &#039;amd64&#039;, os.version: &#039;10.0&#039;, java.version: &#039;23.0.1&#039;
Driver info: org.openqa.selenium.chrome.ChromeDriver
Command: [5842e93caec0ac97e5a58669828a9190, clickElement {id=f.0DC27864E9CC293F03BF087614D4A950.d.29408F42234C58D0A4D034B1EC36C6F5.e.349}]
Capabilities {acceptInsecureCerts: false, browserName: chrome, browserVersion: 136.0.7103.92, chrome: {chromedriverVersion: 136.0.7103.92 (cb81a4cc5087..., userDataDir: C:\Users\User\AppData\Local...}, fedcm:accounts: true, goog:chromeOptions: {debuggerAddress: localhost:62547}, networkConnectionEnabled: false, pageLoadStrategy: normal, platformName: windows, proxy: Proxy(), se:cdp: ws://localhost:62547/devtoo..., se:cdpVersion: 136.0.7103.92, setWindowRect: true, strictFileInteractability: false, timeouts: {implicit: 0, pageLoad: 300000, script: 30000}, unhandledPromptBehavior: dismiss and notify, webauthn:extension:credBlob: true, webauthn:extension:largeBlob: true, webauthn:extension:minPinLength: true, webauthn:extension:prf: true, webauthn:virtualAuthenticators: true}
Element: [[ChromeDriver: chrome on windows (5842e93caec0ac97e5a58669828a9190)] -&gt; xpath: (//a[@class=&#039;a-link-normal expand-panel-button celwidget&#039;])[2]]
Session ID: 5842e93caec0ac97e5a58669828a9190" type="org.openqa.selenium.ElementClickInterceptedException">
      <![CDATA[org.openqa.selenium.ElementClickInterceptedException: element click intercepted: Element <a data-args="redirectReason=payselectChangeClicked" data-csa-c-slot-id="checkout-change-payselect" data-csa-c-type="widget" data-frompage="offers" data-reftag="chk_offers_chg_payselect" data-topage="payselect" data-url="/checkout/p/p-404-9627495-3042710/pay?pipelineType=Chewbacca&amp;referrer=offers&amp;ref_=chk_offers_chg_payselect" aria-label="Change payment method" class="a-link-normal expand-panel-button celwidget" href="/checkout/p/p-404-9627495-3042710/pay?pipelineType=Chewbacca&amp;referrer=offers&amp;ref_=chk_offers_chg_payselect" data-csa-c-id="qsjiq9-eocwh4-5h55lb-cobwu" data-cel-widget="">...</a> is not clickable at point (893, 244). Other element would receive the click: <img src="https://m.media-amazon.com/images/G/31/prime/Tiering/EARLY_ACCESS_1._CB574193119_.png">
  (Session info: chrome=136.0.7103.92)
Build info: version: '4.30.0', revision: '509c7f17cc*'
System info: os.name: 'Windows 11', os.arch: 'amd64', os.version: '10.0', java.version: '23.0.1'
Driver info: org.openqa.selenium.chrome.ChromeDriver
Command: [5842e93caec0ac97e5a58669828a9190, clickElement {id=f.0DC27864E9CC293F03BF087614D4A950.d.29408F42234C58D0A4D034B1EC36C6F5.e.349}]
Capabilities {acceptInsecureCerts: false, browserName: chrome, browserVersion: 136.0.7103.92, chrome: {chromedriverVersion: 136.0.7103.92 (cb81a4cc5087..., userDataDir: C:\Users\User\AppData\Local...}, fedcm:accounts: true, goog:chromeOptions: {debuggerAddress: localhost:62547}, networkConnectionEnabled: false, pageLoadStrategy: normal, platformName: windows, proxy: Proxy(), se:cdp: ws://localhost:62547/devtoo..., se:cdpVersion: 136.0.7103.92, setWindowRect: true, strictFileInteractability: false, timeouts: {implicit: 0, pageLoad: 300000, script: 30000}, unhandledPromptBehavior: dismiss and notify, webauthn:extension:credBlob: true, webauthn:extension:largeBlob: true, webauthn:extension:minPinLength: true, webauthn:extension:prf: true, webauthn:virtualAuthenticators: true}
Element: [[ChromeDriver: chrome on windows (5842e93caec0ac97e5a58669828a9190)] -> xpath: (//a[@class='a-link-normal expand-panel-button celwidget'])[2]]
Session ID: 5842e93caec0ac97e5a58669828a9190
at java.base/jdk.internal.reflect.DirectConstructorHandleAccessor.newInstance(DirectConstructorHandleAccessor.java:62)
at java.base/java.lang.reflect.Constructor.newInstanceWithCaller(Constructor.java:501)
at java.base/java.lang.reflect.Constructor.newInstance(Constructor.java:485)
at org.openqa.selenium.remote.ErrorCodec.decode(ErrorCodec.java:167)
at org.openqa.selenium.remote.codec.w3c.W3CHttpResponseCodec.decode(W3CHttpResponseCodec.java:138)
at org.openqa.selenium.remote.codec.w3c.W3CHttpResponseCodec.decode(W3CHttpResponseCodec.java:50)
at org.openqa.selenium.remote.HttpCommandExecutor.execute(HttpCommandExecutor.java:215)
at org.openqa.selenium.remote.service.DriverCommandExecutor.invokeExecute(DriverCommandExecutor.java:216)
at org.openqa.selenium.remote.service.DriverCommandExecutor.execute(DriverCommandExecutor.java:174)
at org.openqa.selenium.remote.RemoteWebDriver.execute(RemoteWebDriver.java:545)
at org.openqa.selenium.remote.RemoteWebElement.execute(RemoteWebElement.java:223)
at org.openqa.selenium.remote.RemoteWebElement.click(RemoteWebElement.java:76)
at java.base/jdk.internal.reflect.DirectMethodHandleAccessor.invoke(DirectMethodHandleAccessor.java:103)
at java.base/java.lang.reflect.Method.invoke(Method.java:580)
at org.openqa.selenium.support.pagefactory.internal.LocatingElementHandler.invoke(LocatingElementHandler.java:51)
at jdk.proxy2/jdk.proxy2.$Proxy12.click(Unknown Source)
at packageAmazon.ProjectAmazon.CheckoutPage.pymntcng(CheckoutPage.java:79)
at packageAmazon.ProjectAmazon.Testcase12_CheckoutProcessAddressPaymentSelectionOrderreview.checkoutProcessAddressPaymentSelectionOrderreview(Testcase12_CheckoutProcessAddressPaymentSelectionOrderreview.java:53)
at java.base/jdk.internal.reflect.DirectMethodHandleAccessor.invoke(DirectMethodHandleAccessor.java:103)
at java.base/java.lang.reflect.Method.invoke(Method.java:580)
at org.testng.internal.invokers.MethodInvocationHelper.invokeMethod(MethodInvocationHelper.java:141)
at org.testng.internal.invokers.TestInvoker.invokeMethod(TestInvoker.java:686)
at org.testng.internal.invokers.TestInvoker.retryFailed(TestInvoker.java:269)
at org.testng.internal.invokers.MethodRunner.runInSequence(MethodRunner.java:76)
at org.testng.internal.invokers.TestInvoker$MethodInvocationAgent.invoke(TestInvoker.java:992)
at org.testng.internal.invokers.TestInvoker.invokeTestMethods(TestInvoker.java:203)
at org.testng.internal.invokers.TestMethodWorker.invokeTestMethods(TestMethodWorker.java:154)
at org.testng.internal.invokers.TestMethodWorker.run(TestMethodWorker.java:134)
at java.base/java.util.ArrayList.forEach(ArrayList.java:1597)
at org.testng.TestRunner.privateRun(TestRunner.java:739)
at org.testng.TestRunner.run(TestRunner.java:614)
at org.testng.SuiteRunner.runTest(SuiteRunner.java:421)
at org.testng.SuiteRunner.runSequentially(SuiteRunner.java:413)
at org.testng.SuiteRunner.privateRun(SuiteRunner.java:373)
at org.testng.SuiteRunner.run(SuiteRunner.java:312)
at org.testng.SuiteRunnerWorker.runSuite(SuiteRunnerWorker.java:52)
at org.testng.SuiteRunnerWorker.run(SuiteRunnerWorker.java:95)
at org.testng.TestNG.runSuitesSequentially(TestNG.java:1274)
at org.testng.TestNG.runSuitesLocally(TestNG.java:1208)
at org.testng.TestNG.runSuites(TestNG.java:1112)
at org.testng.TestNG.run(TestNG.java:1079)
at org.apache.maven.surefire.testng.TestNGExecutor.run(TestNGExecutor.java:308)
at org.apache.maven.surefire.testng.TestNGXmlTestSuite.execute(TestNGXmlTestSuite.java:71)
at org.apache.maven.surefire.testng.TestNGProvider.invoke(TestNGProvider.java:113)
at org.apache.maven.surefire.booter.ForkedBooter.runSuitesInProcess(ForkedBooter.java:385)
at org.apache.maven.surefire.booter.ForkedBooter.execute(ForkedBooter.java:162)
at org.apache.maven.surefire.booter.ForkedBooter.run(ForkedBooter.java:507)
at org.apache.maven.surefire.booter.ForkedBooter.main(ForkedBooter.java:495)
]]>
    </error>
    <system-out>
      <![CDATA[control passed
Product added to cart
Address selection is done
Test case FailedcheckoutProcessAddressPaymentSelectionOrderreview]]>
    </system-out>
  </testcase> <!-- checkoutProcessAddressPaymentSelectionOrderreview -->
  <system-out>
    <![CDATA[Test case Passed validcredentials
Test case Passed invalidcredentials
Test case Passed editProfileInfo
Test case Passed validcredentials_searchingproduct
control passed
Test case Passed displaysPriceProductdescriptionReviews
control passed
Test case Passed productaddedtocart
control passed
ItemQuantity incremented
ItemQuantity decremented
Test case Passed addandRemoveItemQuantity
Selected amazonpay
Selected creditordebitcard
Selected netbanking
Selected emi
Selected upi
Selected cashondelivery
payment selection is done
Test case Passed selectEachPaymentMethod
control passed
Product added to cart
Address selection is done
control passed
Product added to cart
Address selection is done
control passed
Product added to cart
Address selection is done
Test case FailedcheckoutProcessAddressPaymentSelectionOrderreview
Couponcode entered
Test case Passed applyforCouponCodeWhileOrdering
Logged in with credentials
Able to view orders page
Review submitted with 5 star rating
Test case Passed productRating
control passed
Reached till cart but cannot proceed to buy without login
Test case Passed reachtillCartPageWithoutLogin]]>
  </system-out>
</testsuite> <!-- packageAmazon.ProjectAmazon.Testcase12_CheckoutProcessAddressPaymentSelectionOrderreview -->
